  Source.cpp
freeglut_staticd.lib(fg_callbacks.obj) : warning LNK4099: PDB 'freeglut_static.pdb' が 'freeglut_staticd.lib(fg_callbacks.obj)' で、または 'C:\Users\tomof\Desktop\task\01\04_draw_figures\Debug\freeglut_static.pdb' に見つかりません。デバッグ情報がないものとして、オブジェクトにリンクします。
freeglut_staticd.lib(fg_cursor.obj) : warning LNK4099: PDB 'freeglut_static.pdb' が 'freeglut_staticd.lib(fg_cursor.obj)' で、または 'C:\Users\tomof\Desktop\task\01\04_draw_figures\Debug\freeglut_static.pdb' に見つかりません。デバッグ情報がないものとして、オブジェクトにリンクします。
freeglut_staticd.lib(fg_display.obj) : warning LNK4099: PDB 'freeglut_static.pdb' が 'freeglut_staticd.lib(fg_display.obj)' で、または 'C:\Users\tomof\Desktop\task\01\04_draw_figures\Debug\freeglut_static.pdb' に見つかりません。デバッグ情報がないものとして、オブジェクトにリンクします。
freeglut_staticd.lib(fg_ext.obj) : warning LNK4099: PDB 'freeglut_static.pdb' が 'freeglut_staticd.lib(fg_ext.obj)' で、または 'C:\Users\tomof\Desktop\task\01\04_draw_figures\Debug\freeglut_static.pdb' に見つかりません。デバッグ情報がないものとして、オブジェクトにリンクします。
freeglut_staticd.lib(fg_font_data.obj) : warning LNK4099: PDB 'freeglut_static.pdb' が 'freeglut_staticd.lib(fg_font_data.obj)' で、または 'C:\Users\tomof\Desktop\task\01\04_draw_figures\Debug\freeglut_static.pdb' に見つかりません。デバッグ情報がないものとして、オブジェクトにリンクします。
freeglut_staticd.lib(fg_gamemode.obj) : warning LNK4099: PDB 'freeglut_static.pdb' が 'freeglut_staticd.lib(fg_gamemode.obj)' で、または 'C:\Users\tomof\Desktop\task\01\04_draw_figures\Debug\freeglut_static.pdb' に見つかりません。デバッグ情報がないものとして、オブジェクトにリンクします。
freeglut_staticd.lib(fg_geometry.obj) : warning LNK4099: PDB 'freeglut_static.pdb' が 'freeglut_staticd.lib(fg_geometry.obj)' で、または 'C:\Users\tomof\Desktop\task\01\04_draw_figures\Debug\freeglut_static.pdb' に見つかりません。デバッグ情報がないものとして、オブジェクトにリンクします。
freeglut_staticd.lib(fg_gl2.obj) : warning LNK4099: PDB 'freeglut_static.pdb' が 'freeglut_staticd.lib(fg_gl2.obj)' で、または 'C:\Users\tomof\Desktop\task\01\04_draw_figures\Debug\freeglut_static.pdb' に見つかりません。デバッグ情報がないものとして、オブジェクトにリンクします。
freeglut_staticd.lib(fg_init.obj) : warning LNK4099: PDB 'freeglut_static.pdb' が 'freeglut_staticd.lib(fg_init.obj)' で、または 'C:\Users\tomof\Desktop\task\01\04_draw_figures\Debug\freeglut_static.pdb' に見つかりません。デバッグ情報がないものとして、オブジェクトにリンクします。
freeglut_staticd.lib(fg_input_devices.obj) : warning LNK4099: PDB 'freeglut_static.pdb' が 'freeglut_staticd.lib(fg_input_devices.obj)' で、または 'C:\Users\tomof\Desktop\task\01\04_draw_figures\Debug\freeglut_static.pdb' に見つかりません。デバッグ情報がないものとして、オブジェクトにリンクします。
freeglut_staticd.lib(fg_joystick.obj) : warning LNK4099: PDB 'freeglut_static.pdb' が 'freeglut_staticd.lib(fg_joystick.obj)' で、または 'C:\Users\tomof\Desktop\task\01\04_draw_figures\Debug\freeglut_static.pdb' に見つかりません。デバッグ情報がないものとして、オブジェクトにリンクします。
freeglut_staticd.lib(fg_main.obj) : warning LNK4099: PDB 'freeglut_static.pdb' が 'freeglut_staticd.lib(fg_main.obj)' で、または 'C:\Users\tomof\Desktop\task\01\04_draw_figures\Debug\freeglut_static.pdb' に見つかりません。デバッグ情報がないものとして、オブジェクトにリンクします。
freeglut_staticd.lib(fg_misc.obj) : warning LNK4099: PDB 'freeglut_static.pdb' が 'freeglut_staticd.lib(fg_misc.obj)' で、または 'C:\Users\tomof\Desktop\task\01\04_draw_figures\Debug\freeglut_static.pdb' に見つかりません。デバッグ情報がないものとして、オブジェクトにリンクします。
freeglut_staticd.lib(fg_overlay.obj) : warning LNK4099: PDB 'freeglut_static.pdb' が 'freeglut_staticd.lib(fg_overlay.obj)' で、または 'C:\Users\tomof\Desktop\task\01\04_draw_figures\Debug\freeglut_static.pdb' に見つかりません。デバッグ情報がないものとして、オブジェクトにリンクします。
freeglut_staticd.lib(fg_spaceball.obj) : warning LNK4099: PDB 'freeglut_static.pdb' が 'freeglut_staticd.lib(fg_spaceball.obj)' で、または 'C:\Users\tomof\Desktop\task\01\04_draw_figures\Debug\freeglut_static.pdb' に見つかりません。デバッグ情報がないものとして、オブジェクトにリンクします。
freeglut_staticd.lib(fg_state.obj) : warning LNK4099: PDB 'freeglut_static.pdb' が 'freeglut_staticd.lib(fg_state.obj)' で、または 'C:\Users\tomof\Desktop\task\01\04_draw_figures\Debug\freeglut_static.pdb' に見つかりません。デバッグ情報がないものとして、オブジェクトにリンクします。
freeglut_staticd.lib(fg_stroke_mono_roman.obj) : warning LNK4099: PDB 'freeglut_static.pdb' が 'freeglut_staticd.lib(fg_stroke_mono_roman.obj)' で、または 'C:\Users\tomof\Desktop\task\01\04_draw_figures\Debug\freeglut_static.pdb' に見つかりません。デバッグ情報がないものとして、オブジェクトにリンクします。
freeglut_staticd.lib(fg_stroke_roman.obj) : warning LNK4099: PDB 'freeglut_static.pdb' が 'freeglut_staticd.lib(fg_stroke_roman.obj)' で、または 'C:\Users\tomof\Desktop\task\01\04_draw_figures\Debug\freeglut_static.pdb' に見つかりません。デバッグ情報がないものとして、オブジェクトにリンクします。
freeglut_staticd.lib(fg_structure.obj) : warning LNK4099: PDB 'freeglut_static.pdb' が 'freeglut_staticd.lib(fg_structure.obj)' で、または 'C:\Users\tomof\Desktop\task\01\04_draw_figures\Debug\freeglut_static.pdb' に見つかりません。デバッグ情報がないものとして、オブジェクトにリンクします。
freeglut_staticd.lib(fg_teapot.obj) : warning LNK4099: PDB 'freeglut_static.pdb' が 'freeglut_staticd.lib(fg_teapot.obj)' で、または 'C:\Users\tomof\Desktop\task\01\04_draw_figures\Debug\freeglut_static.pdb' に見つかりません。デバッグ情報がないものとして、オブジェクトにリンクします。
freeglut_staticd.lib(fg_videoresize.obj) : warning LNK4099: PDB 'freeglut_static.pdb' が 'freeglut_staticd.lib(fg_videoresize.obj)' で、または 'C:\Users\tomof\Desktop\task\01\04_draw_figures\Debug\freeglut_static.pdb' に見つかりません。デバッグ情報がないものとして、オブジェクトにリンクします。
freeglut_staticd.lib(fg_window.obj) : warning LNK4099: PDB 'freeglut_static.pdb' が 'freeglut_staticd.lib(fg_window.obj)' で、または 'C:\Users\tomof\Desktop\task\01\04_draw_figures\Debug\freeglut_static.pdb' に見つかりません。デバッグ情報がないものとして、オブジェクトにリンクします。
freeglut_staticd.lib(fg_font.obj) : warning LNK4099: PDB 'freeglut_static.pdb' が 'freeglut_staticd.lib(fg_font.obj)' で、または 'C:\Users\tomof\Desktop\task\01\04_draw_figures\Debug\freeglut_static.pdb' に見つかりません。デバッグ情報がないものとして、オブジェクトにリンクします。
freeglut_staticd.lib(fg_menu.obj) : warning LNK4099: PDB 'freeglut_static.pdb' が 'freeglut_staticd.lib(fg_menu.obj)' で、または 'C:\Users\tomof\Desktop\task\01\04_draw_figures\Debug\freeglut_static.pdb' に見つかりません。デバッグ情報がないものとして、オブジェクトにリンクします。
freeglut_staticd.lib(fg_cursor_mswin.obj) : warning LNK4099: PDB 'freeglut_static.pdb' が 'freeglut_staticd.lib(fg_cursor_mswin.obj)' で、または 'C:\Users\tomof\Desktop\task\01\04_draw_figures\Debug\freeglut_static.pdb' に見つかりません。デバッグ情報がないものとして、オブジェクトにリンクします。
freeglut_staticd.lib(fg_display_mswin.obj) : warning LNK4099: PDB 'freeglut_static.pdb' が 'freeglut_staticd.lib(fg_display_mswin.obj)' で、または 'C:\Users\tomof\Desktop\task\01\04_draw_figures\Debug\freeglut_static.pdb' に見つかりません。デバッグ情報がないものとして、オブジェクトにリンクします。
freeglut_staticd.lib(fg_ext_mswin.obj) : warning LNK4099: PDB 'freeglut_static.pdb' が 'freeglut_staticd.lib(fg_ext_mswin.obj)' で、または 'C:\Users\tomof\Desktop\task\01\04_draw_figures\Debug\freeglut_static.pdb' に見つかりません。デバッグ情報がないものとして、オブジェクトにリンクします。
freeglut_staticd.lib(fg_gamemode_mswin.obj) : warning LNK4099: PDB 'freeglut_static.pdb' が 'freeglut_staticd.lib(fg_gamemode_mswin.obj)' で、または 'C:\Users\tomof\Desktop\task\01\04_draw_figures\Debug\freeglut_static.pdb' に見つかりません。デバッグ情報がないものとして、オブジェクトにリンクします。
freeglut_staticd.lib(fg_init_mswin.obj) : warning LNK4099: PDB 'freeglut_static.pdb' が 'freeglut_staticd.lib(fg_init_mswin.obj)' で、または 'C:\Users\tomof\Desktop\task\01\04_draw_figures\Debug\freeglut_static.pdb' に見つかりません。デバッグ情報がないものとして、オブジェクトにリンクします。
freeglut_staticd.lib(fg_input_devices_mswin.obj) : warning LNK4099: PDB 'freeglut_static.pdb' が 'freeglut_staticd.lib(fg_input_devices_mswin.obj)' で、または 'C:\Users\tomof\Desktop\task\01\04_draw_figures\Debug\freeglut_static.pdb' に見つかりません。デバッグ情報がないものとして、オブジェクトにリンクします。
freeglut_staticd.lib(fg_joystick_mswin.obj) : warning LNK4099: PDB 'freeglut_static.pdb' が 'freeglut_staticd.lib(fg_joystick_mswin.obj)' で、または 'C:\Users\tomof\Desktop\task\01\04_draw_figures\Debug\freeglut_static.pdb' に見つかりません。デバッグ情報がないものとして、オブジェクトにリンクします。
freeglut_staticd.lib(fg_main_mswin.obj) : warning LNK4099: PDB 'freeglut_static.pdb' が 'freeglut_staticd.lib(fg_main_mswin.obj)' で、または 'C:\Users\tomof\Desktop\task\01\04_draw_figures\Debug\freeglut_static.pdb' に見つかりません。デバッグ情報がないものとして、オブジェクトにリンクします。
freeglut_staticd.lib(fg_menu_mswin.obj) : warning LNK4099: PDB 'freeglut_static.pdb' が 'freeglut_staticd.lib(fg_menu_mswin.obj)' で、または 'C:\Users\tomof\Desktop\task\01\04_draw_figures\Debug\freeglut_static.pdb' に見つかりません。デバッグ情報がないものとして、オブジェクトにリンクします。
freeglut_staticd.lib(fg_spaceball_mswin.obj) : warning LNK4099: PDB 'freeglut_static.pdb' が 'freeglut_staticd.lib(fg_spaceball_mswin.obj)' で、または 'C:\Users\tomof\Desktop\task\01\04_draw_figures\Debug\freeglut_static.pdb' に見つかりません。デバッグ情報がないものとして、オブジェクトにリンクします。
freeglut_staticd.lib(fg_state_mswin.obj) : warning LNK4099: PDB 'freeglut_static.pdb' が 'freeglut_staticd.lib(fg_state_mswin.obj)' で、または 'C:\Users\tomof\Desktop\task\01\04_draw_figures\Debug\freeglut_static.pdb' に見つかりません。デバッグ情報がないものとして、オブジェクトにリンクします。
freeglut_staticd.lib(fg_structure_mswin.obj) : warning LNK4099: PDB 'freeglut_static.pdb' が 'freeglut_staticd.lib(fg_structure_mswin.obj)' で、または 'C:\Users\tomof\Desktop\task\01\04_draw_figures\Debug\freeglut_static.pdb' に見つかりません。デバッグ情報がないものとして、オブジェクトにリンクします。
freeglut_staticd.lib(fg_window_mswin.obj) : warning LNK4099: PDB 'freeglut_static.pdb' が 'freeglut_staticd.lib(fg_window_mswin.obj)' で、または 'C:\Users\tomof\Desktop\task\01\04_draw_figures\Debug\freeglut_static.pdb' に見つかりません。デバッグ情報がないものとして、オブジェクトにリンクします。
freeglut_staticd.lib(xparsegeometry_repl.obj) : warning LNK4099: PDB 'freeglut_static.pdb' が 'freeglut_staticd.lib(xparsegeometry_repl.obj)' で、または 'C:\Users\tomof\Desktop\task\01\04_draw_figures\Debug\freeglut_static.pdb' に見つかりません。デバッグ情報がないものとして、オブジェクトにリンクします。
  04_draw_figures.vcxproj -> C:\Users\tomof\Desktop\task\01\04_draw_figures\Debug\04_draw_figures.exe
